Arguments: 
  C:\Program Files\nodejs\node.exe C:\Users\notebook\AppData\Roaming\npm\node_modules\yarn\bin\yarn.js

PATH: 
  C:\Users\notebook\bin;C:\Program Files\Git\mingw64\bin;C:\Program Files\Git\usr\local\bin;C:\Program Files\Git\usr\bin;C:\Program Files\Git\usr\bin;C:\Program Files\Git\mingw64\bin;C:\Program Files\Git\usr\bin;C:\Users\notebook\bin;C:\Program Files (x86)\Common Files\Oracle\Java\javapath;C:\Program Files (x86)\Common Files\Intel\Shared Libraries\redist\intel64\compiler;C:\Program Files\Eclipse Adoptium\jdk-17.0.1.12-hotspot\bin;C:\WINDOWS\system32;C:\WINDOWS;C:\WINDOWS\System32\Wbem;C:\WINDOWS\System32\WindowsPowerShell\v1.0;C:\WINDOWS\System32\OpenSSH;C:\Program Files\Git\cmd;C:\Program Files\nodejs;C:\Program Files (x86)\Intel\OpenCL SDK\2.0\bin\x86;C:\Program Files (x86)\Intel\OpenCL SDK\2.0\bin\x64;C:\Users\notebook\AppData\Local\Microsoft\WindowsApps;C:\Users\notebook\AppData\Local\Programs\Microsoft VS Code\bin;C:\Users\notebook\AppData\Roaming\npm;C:\Program Files\Git\usr\bin\vendor_perl;C:\Program Files\Git\usr\bin\core_perl

Yarn version: 
  1.22.17

Node version: 
  16.15.0

Platform: 
  win32 x64

Trace: 
  Error: EPERM: operation not permitted, unlink 'C:\Users\notebook\Documents\nlw projeto 2022\projetofeedback\web\node_modules\esbuild-windows-64\esbuild.exe'

npm manifest: 
  {
    "name": "web",
    "private": true,
    "version": "0.0.0",
    "scripts": {
      "dev": "vite",
      "build": "tsc && vite build",
      "preview": "vite preview",
      "start": "FAST_REFRESH=false react-scripts start"
    },
    "dependencies": {
      "@headlessui/react": "^1.6.1",
      "phosphor-react": "^1.4.1",
      "react": "^18.0.0",
      "react-dom": "^18.0.0"
      },
  
    "devDependencies": {
      "@types/react": "^18.0.0",
      "@types/react-dom": "^18.0.0",
      "@vitejs/plugin-react": "^1.3.0",
      "autoprefixer": "^10.4.7",
      "postcss": "^8.4.13",
      "tailwindcss": "^3.0.24",
      "typescript": "^4.6.3",
      "vite": "^2.9.7"
      
    }
  }

yarn manifest: 
  No manifest

Lockfile: 
  No lockfile
